AndroidRelease/Flaffy Bird/GooglePlayGamesManifest.plugin/build/outputs/logs/manifest-merger-release-report.txt
-- Merging decision tree log ---
manifest
ADDED from Flaffy Bird\GooglePlayGamesManifest.plugin\AndroidManifest.xml:4:1-26:12
INJECTED from Flaffy Bird\GooglePlayGamesManifest.plugin\AndroidManifest.xml:4:1-26:12
INJECTED from Flaffy Bird\GooglePlayGamesManifest.plugin\AndroidManifest.xml:4:1-26:12
INJECTED from Flaffy Bird\GooglePlayGamesManifest.plugin\AndroidManifest.xml:4:1-26:12
INJECTED from Flaffy Bird\GooglePlayGamesManifest.plugin\AndroidManifest.xml:4:1-26:12
INJECTED from Flaffy Bird\GooglePlayGamesManifest.plugin\AndroidManifest.xml:4:1-26:12
INJECTED from Flaffy Bird\GooglePlayGamesManifest.plugin\AndroidManifest.xml:4:1-26:12
	package
		ADDED from Flaffy Bird\GooglePlayGamesManifest.plugin\AndroidManifest.xml:5:5-51
		INJECTED from Flaffy Bird\GooglePlayGamesManifest.plugin\AndroidManifest.xml
		INJECTED from Flaffy Bird\GooglePlayGamesManifest.plugin\AndroidManifest.xml
	android:versionName
		ADDED from Flaffy Bird\GooglePlayGamesManifest.plugin\AndroidManifest.xml:7:5-30
		INJECTED from Flaffy Bird\GooglePlayGamesManifest.plugin\AndroidManifest.xml
		INJECTED from Flaffy Bird\GooglePlayGamesManifest.plugin\AndroidManifest.xml
	xmlns:android
		ADDED from Flaffy Bird\GooglePlayGamesManifest.plugin\AndroidManifest.xml:4:11-69
	android:versionCode
		ADDED from Flaffy Bird\GooglePlayGamesManifest.plugin\AndroidManifest.xml:6:5-28
		INJECTED from Flaffy Bird\GooglePlayGamesManifest.plugin\AndroidManifest.xml
		INJECTED from Flaffy Bird\GooglePlayGamesManifest.plugin\AndroidManifest.xml
application
ADDED from Flaffy Bird\GooglePlayGamesManifest.plugin\AndroidManifest.xml:11:5-25:19
meta-data#com.google.android.gms.games.APP_ID
ADDED from Flaffy Bird\GooglePlayGamesManifest.plugin\AndroidManifest.xml:16:9-17:49
	android:value
		ADDED from Flaffy Bird\GooglePlayGamesManifest.plugin\AndroidManifest.xml:17:13-46
	android:name
		ADDED from Flaffy Bird\GooglePlayGamesManifest.plugin\AndroidManifest.xml:16:20-70
meta-data#com.google.android.gms.games.unityVersion
ADDED from Flaffy Bird\GooglePlayGamesManifest.plugin\AndroidManifest.xml:20:9-21:44
	android:value
		ADDED from Flaffy Bird\GooglePlayGamesManifest.plugin\AndroidManifest.xml:21:13-41
	android:name
		ADDED from Flaffy Bird\GooglePlayGamesManifest.plugin\AndroidManifest.xml:20:20-76
activity#com.google.games.bridge.NativeBridgeActivity
ADDED from Flaffy Bird\GooglePlayGamesManifest.plugin\AndroidManifest.xml:23:9-24:86
	android:theme
		ADDED from Flaffy Bird\GooglePlayGamesManifest.plugin\AndroidManifest.xml:24:13-83
	android:name
		ADDED from Flaffy Bird\GooglePlayGamesManifest.plugin\AndroidManifest.xml:23:19-78
uses-sdk
INJECTED from Flaffy Bird\GooglePlayGamesManifest.plugin\AndroidManifest.xml reason: use-sdk injection requested
INJECTED from Flaffy Bird\GooglePlayGamesManifest.plugin\AndroidManifest.xml
INJECTED from Flaffy Bird\GooglePlayGamesManifest.plugin\AndroidManifest.xml
	android:targetSdkVersion
		INJECTED from Flaffy Bird\GooglePlayGamesManifest.plugin\AndroidManifest.xml
		ADDED from Flaffy Bird\GooglePlayGamesManifest.plugin\AndroidManifest.xml
		INJECTED from Flaffy Bird\GooglePlayGamesManifest.plugin\AndroidManifest.xml